{"total": {"lines":{"total":1033,"covered":0,"skipped":0,"pct":0},"statements":{"total":1188,"covered":0,"skipped":0,"pct":0},"functions":{"total":207,"covered":0,"skipped":0,"pct":0},"branches":{"total":576,"covered":0,"skipped":0,"pct":0},"branchesTrue":{"total":0,"covered":0,"skipped":0,"pct":100}}
,"D:\\vipspot\\js\\main.js": {"lines":{"total":454,"covered":0,"skipped":0,"pct":0},"functions":{"total":127,"covered":0,"skipped":0,"pct":0},"statements":{"total":506,"covered":0,"skipped":0,"pct":0},"branches":{"total":264,"covered":0,"skipped":0,"pct":0}}
,"D:\\vipspot\\js\\matrix-bg.js": {"lines":{"total":303,"covered":0,"skipped":0,"pct":0},"functions":{"total":52,"covered":0,"skipped":0,"pct":0},"statements":{"total":365,"covered":0,"skipped":0,"pct":0},"branches":{"total":184,"covered":0,"skipped":0,"pct":0}}
,"D:\\vipspot\\js\\tilt-tech.js": {"lines":{"total":46,"covered":0,"skipped":0,"pct":0},"functions":{"total":12,"covered":0,"skipped":0,"pct":0},"statements":{"total":63,"covered":0,"skipped":0,"pct":0},"branches":{"total":18,"covered":0,"skipped":0,"pct":0}}
,"D:\\vipspot\\scripts\\add-utm-to-codepen.mjs": {"lines":{"total":28,"covered":0,"skipped":0,"pct":0},"functions":{"total":2,"covered":0,"skipped":0,"pct":0},"statements":{"total":32,"covered":0,"skipped":0,"pct":0},"branches":{"total":14,"covered":0,"skipped":0,"pct":0}}
,"D:\\vipspot\\scripts\\build-icons.mjs": {"lines":{"total":19,"covered":0,"skipped":0,"pct":0},"functions":{"total":1,"covered":0,"skipped":0,"pct":0},"statements":{"total":19,"covered":0,"skipped":0,"pct":0},"branches":{"total":6,"covered":0,"skipped":0,"pct":0}}
,"D:\\vipspot\\scripts\\fix-matrix-links.mjs": {"lines":{"total":30,"covered":0,"skipped":0,"pct":0},"functions":{"total":3,"covered":0,"skipped":0,"pct":0},"statements":{"total":39,"covered":0,"skipped":0,"pct":0},"branches":{"total":26,"covered":0,"skipped":0,"pct":0}}
,"D:\\vipspot\\scripts\\generate-ok.mjs": {"lines":{"total":6,"covered":0,"skipped":0,"pct":0},"functions":{"total":0,"covered":0,"skipped":0,"pct":100},"statements":{"total":6,"covered":0,"skipped":0,"pct":0},"branches":{"total":0,"covered":0,"skipped":0,"pct":100}}
,"D:\\vipspot\\scripts\\kill-sw.mjs": {"lines":{"total":2,"covered":0,"skipped":0,"pct":0},"functions":{"total":2,"covered":0,"skipped":0,"pct":0},"statements":{"total":3,"covered":0,"skipped":0,"pct":0},"branches":{"total":2,"covered":0,"skipped":0,"pct":0}}
,"D:\\vipspot\\scripts\\open-browser.mjs": {"lines":{"total":11,"covered":0,"skipped":0,"pct":0},"functions":{"total":1,"covered":0,"skipped":0,"pct":0},"statements":{"total":12,"covered":0,"skipped":0,"pct":0},"branches":{"total":10,"covered":0,"skipped":0,"pct":0}}
,"D:\\vipspot\\scripts\\prove-local.mjs": {"lines":{"total":100,"covered":0,"skipped":0,"pct":0},"functions":{"total":3,"covered":0,"skipped":0,"pct":0},"statements":{"total":101,"covered":0,"skipped":0,"pct":0},"branches":{"total":34,"covered":0,"skipped":0,"pct":0}}
,"D:\\vipspot\\scripts\\update-featured-pen-link.mjs": {"lines":{"total":34,"covered":0,"skipped":0,"pct":0},"functions":{"total":4,"covered":0,"skipped":0,"pct":0},"statements":{"total":42,"covered":0,"skipped":0,"pct":0},"branches":{"total":18,"covered":0,"skipped":0,"pct":0}}
}
