TN:
SF:js\main.js
FN:8,swDevGuard
FN:18,(anonymous_1)
FN:21,(anonymous_2)
FN:23,(anonymous_3)
FN:37,(anonymous_4)
FN:37,(anonymous_5)
FN:38,(anonymous_6)
FN:38,(anonymous_7)
FN:44,(anonymous_8)
FN:49,(anonymous_9)
FN:54,(anonymous_10)
FN:154,(anonymous_11)
FN:156,executedFunction
FN:157,(anonymous_13)
FN:171,(anonymous_14)
FN:173,(anonymous_15)
FN:177,(anonymous_16)
FN:185,(anonymous_17)
FN:198,(anonymous_18)
FN:208,(anonymous_19)
FN:216,(anonymous_20)
FN:225,(anonymous_21)
FN:235,(anonymous_22)
FN:243,(anonymous_23)
FN:248,(anonymous_24)
FN:252,(anonymous_25)
FN:261,(anonymous_26)
FN:269,(anonymous_27)
FN:275,(anonymous_28)
FN:278,(anonymous_29)
FN:283,(anonymous_30)
FN:284,(anonymous_31)
FN:290,(anonymous_32)
FN:297,(anonymous_33)
FN:306,(anonymous_34)
FN:318,(anonymous_35)
FN:330,(anonymous_36)
FN:331,(anonymous_37)
FN:332,(anonymous_38)
FN:344,(anonymous_39)
FN:346,(anonymous_40)
FN:347,(anonymous_41)
FN:357,(anonymous_42)
FN:360,(anonymous_43)
FN:361,(anonymous_44)
FN:376,(anonymous_45)
FN:386,(anonymous_46)
FN:390,(anonymous_47)
FN:392,(anonymous_48)
FN:393,(anonymous_49)
FN:399,(anonymous_50)
FN:410,(anonymous_51)
FN:416,(anonymous_52)
FN:423,(anonymous_53)
FN:430,(anonymous_54)
FN:457,(anonymous_55)
FN:480,(anonymous_56)
FN:491,(anonymous_57)
FN:495,(anonymous_58)
FN:515,(anonymous_59)
FN:526,(anonymous_60)
FN:537,(anonymous_61)
FN:541,(anonymous_62)
FN:547,(anonymous_63)
FN:553,(anonymous_64)
FN:554,(anonymous_65)
FN:566,(anonymous_66)
FN:574,(anonymous_67)
FN:579,(anonymous_68)
FN:580,(anonymous_69)
FN:589,(anonymous_70)
FN:595,(anonymous_71)
FN:597,(anonymous_72)
FN:608,(anonymous_73)
FN:612,(anonymous_74)
FN:619,(anonymous_75)
FN:621,(anonymous_76)
FN:633,(anonymous_77)
FN:635,(anonymous_78)
FN:639,(anonymous_79)
FN:646,(anonymous_80)
FN:656,(anonymous_81)
FN:663,(anonymous_82)
FN:670,(anonymous_83)
FN:681,(anonymous_84)
FN:686,(anonymous_85)
FN:689,(anonymous_86)
FN:695,(anonymous_87)
FN:717,(anonymous_88)
FN:721,(anonymous_89)
FN:727,(anonymous_90)
FN:729,(anonymous_91)
FN:734,(anonymous_92)
FN:739,(anonymous_93)
FN:743,(anonymous_94)
FN:748,(anonymous_95)
FN:755,(anonymous_96)
FN:774,(anonymous_97)
FN:777,(anonymous_98)
FN:777,(anonymous_99)
FN:781,(anonymous_100)
FN:786,(anonymous_101)
FN:792,(anonymous_102)
FN:826,(anonymous_103)
FN:835,(anonymous_104)
FN:836,(anonymous_105)
FN:837,(anonymous_106)
FN:840,(anonymous_107)
FN:844,(anonymous_108)
FN:845,(anonymous_109)
FN:848,(anonymous_110)
FN:860,(anonymous_111)
FN:867,(anonymous_112)
FN:868,(anonymous_113)
FN:869,(anonymous_114)
FN:887,(anonymous_115)
FN:904,(anonymous_116)
FN:921,(anonymous_117)
FN:922,(anonymous_118)
FN:923,(anonymous_119)
FN:926,(anonymous_120)
FN:938,(anonymous_121)
FN:940,(anonymous_122)
FN:965,(anonymous_123)
FN:1029,(anonymous_124)
FN:1053,(anonymous_125)
FN:1088,(anonymous_126)
FNF:127
FNH:0
FNDA:0,swDevGuard
FNDA:0,(anonymous_1)
FNDA:0,(anonymous_2)
FNDA:0,(anonymous_3)
FNDA:0,(anonymous_4)
FNDA:0,(anonymous_5)
FNDA:0,(anonymous_6)
FNDA:0,(anonymous_7)
FNDA:0,(anonymous_8)
FNDA:0,(anonymous_9)
FNDA:0,(anonymous_10)
FNDA:0,(anonymous_11)
FNDA:0,executedFunction
FNDA:0,(anonymous_13)
FNDA:0,(anonymous_14)
FNDA:0,(anonymous_15)
FNDA:0,(anonymous_16)
FNDA:0,(anonymous_17)
FNDA:0,(anonymous_18)
FNDA:0,(anonymous_19)
FNDA:0,(anonymous_20)
FNDA:0,(anonymous_21)
FNDA:0,(anonymous_22)
FNDA:0,(anonymous_23)
FNDA:0,(anonymous_24)
FNDA:0,(anonymous_25)
FNDA:0,(anonymous_26)
FNDA:0,(anonymous_27)
FNDA:0,(anonymous_28)
FNDA:0,(anonymous_29)
FNDA:0,(anonymous_30)
FNDA:0,(anonymous_31)
FNDA:0,(anonymous_32)
FNDA:0,(anonymous_33)
FNDA:0,(anonymous_34)
FNDA:0,(anonymous_35)
FNDA:0,(anonymous_36)
FNDA:0,(anonymous_37)
FNDA:0,(anonymous_38)
FNDA:0,(anonymous_39)
FNDA:0,(anonymous_40)
FNDA:0,(anonymous_41)
FNDA:0,(anonymous_42)
FNDA:0,(anonymous_43)
FNDA:0,(anonymous_44)
FNDA:0,(anonymous_45)
FNDA:0,(anonymous_46)
FNDA:0,(anonymous_47)
FNDA:0,(anonymous_48)
FNDA:0,(anonymous_49)
FNDA:0,(anonymous_50)
FNDA:0,(anonymous_51)
FNDA:0,(anonymous_52)
FNDA:0,(anonymous_53)
FNDA:0,(anonymous_54)
FNDA:0,(anonymous_55)
FNDA:0,(anonymous_56)
FNDA:0,(anonymous_57)
FNDA:0,(anonymous_58)
FNDA:0,(anonymous_59)
FNDA:0,(anonymous_60)
FNDA:0,(anonymous_61)
FNDA:0,(anonymous_62)
FNDA:0,(anonymous_63)
FNDA:0,(anonymous_64)
FNDA:0,(anonymous_65)
FNDA:0,(anonymous_66)
FNDA:0,(anonymous_67)
FNDA:0,(anonymous_68)
FNDA:0,(anonymous_69)
FNDA:0,(anonymous_70)
FNDA:0,(anonymous_71)
FNDA:0,(anonymous_72)
FNDA:0,(anonymous_73)
FNDA:0,(anonymous_74)
FNDA:0,(anonymous_75)
FNDA:0,(anonymous_76)
FNDA:0,(anonymous_77)
FNDA:0,(anonymous_78)
FNDA:0,(anonymous_79)
FNDA:0,(anonymous_80)
FNDA:0,(anonymous_81)
FNDA:0,(anonymous_82)
FNDA:0,(anonymous_83)
FNDA:0,(anonymous_84)
FNDA:0,(anonymous_85)
FNDA:0,(anonymous_86)
FNDA:0,(anonymous_87)
FNDA:0,(anonymous_88)
FNDA:0,(anonymous_89)
FNDA:0,(anonymous_90)
FNDA:0,(anonymous_91)
FNDA:0,(anonymous_92)
FNDA:0,(anonymous_93)
FNDA:0,(anonymous_94)
FNDA:0,(anonymous_95)
FNDA:0,(anonymous_96)
FNDA:0,(anonymous_97)
FNDA:0,(anonymous_98)
FNDA:0,(anonymous_99)
FNDA:0,(anonymous_100)
FNDA:0,(anonymous_101)
FNDA:0,(anonymous_102)
FNDA:0,(anonymous_103)
FNDA:0,(anonymous_104)
FNDA:0,(anonymous_105)
FNDA:0,(anonymous_106)
FNDA:0,(anonymous_107)
FNDA:0,(anonymous_108)
FNDA:0,(anonymous_109)
FNDA:0,(anonymous_110)
FNDA:0,(anonymous_111)
FNDA:0,(anonymous_112)
FNDA:0,(anonymous_113)
FNDA:0,(anonymous_114)
FNDA:0,(anonymous_115)
FNDA:0,(anonymous_116)
FNDA:0,(anonymous_117)
FNDA:0,(anonymous_118)
FNDA:0,(anonymous_119)
FNDA:0,(anonymous_120)
FNDA:0,(anonymous_121)
FNDA:0,(anonymous_122)
FNDA:0,(anonymous_123)
FNDA:0,(anonymous_124)
FNDA:0,(anonymous_125)
FNDA:0,(anonymous_126)
DA:8,0
DA:10,0
DA:13,0
DA:14,0
DA:17,0
DA:18,0
DA:19,0
DA:20,0
DA:21,0
DA:22,0
DA:23,0
DA:24,0
DA:26,0
DA:28,0
DA:31,0
DA:34,0
DA:36,0
DA:37,0
DA:38,0
DA:39,0
DA:43,0
DA:44,0
DA:45,0
DA:46,0
DA:49,0
DA:50,0
DA:54,0
DA:56,0
DA:57,0
DA:58,0
DA:62,0
DA:72,0
DA:87,0
DA:90,0
DA:150,0
DA:156,0
DA:157,0
DA:158,0
DA:159,0
DA:161,0
DA:162,0
DA:163,0
DA:164,0
DA:173,0
DA:174,0
DA:175,0
DA:176,0
DA:177,0
DA:186,0
DA:187,0
DA:199,0
DA:209,0
DA:210,0
DA:217,0
DA:218,0
DA:219,0
DA:226,0
DA:236,0
DA:237,0
DA:238,0
DA:239,0
DA:240,0
DA:244,0
DA:245,0
DA:249,0
DA:250,0
DA:251,0
DA:252,0
DA:262,0
DA:263,0
DA:264,0
DA:265,0
DA:266,0
DA:270,0
DA:271,0
DA:272,0
DA:276,0
DA:278,0
DA:279,0
DA:283,0
DA:284,0
DA:285,0
DA:290,0
DA:291,0
DA:292,0
DA:297,0
DA:298,0
DA:301,0
DA:307,0
DA:308,0
DA:309,0
DA:312,0
DA:313,0
DA:314,0
DA:319,0
DA:320,0
DA:321,0
DA:324,0
DA:325,0
DA:326,0
DA:331,0
DA:332,0
DA:333,0
DA:334,0
DA:335,0
DA:337,0
DA:338,0
DA:345,0
DA:346,0
DA:347,0
DA:348,0
DA:349,0
DA:357,0
DA:361,0
DA:362,0
DA:363,0
DA:364,0
DA:366,0
DA:377,0
DA:378,0
DA:379,0
DA:380,0
DA:381,0
DA:382,0
DA:383,0
DA:387,0
DA:392,0
DA:393,0
DA:394,0
DA:395,0
DA:399,0
DA:400,0
DA:401,0
DA:402,0
DA:403,0
DA:409,0
DA:410,0
DA:411,0
DA:416,0
DA:417,0
DA:418,0
DA:423,0
DA:424,0
DA:425,0
DA:431,0
DA:432,0
DA:435,0
DA:437,0
DA:438,0
DA:439,0
DA:440,0
DA:443,0
DA:444,0
DA:448,0
DA:451,0
DA:454,0
DA:458,0
DA:459,0
DA:460,0
DA:463,0
DA:464,0
DA:468,0
DA:469,0
DA:472,0
DA:473,0
DA:477,0
DA:482,0
DA:483,0
DA:486,0
DA:491,0
DA:496,0
DA:512,0
DA:517,0
DA:518,0
DA:519,0
DA:520,0
DA:521,0
DA:523,0
DA:526,0
DA:527,0
DA:538,0
DA:542,0
DA:543,0
DA:544,0
DA:549,0
DA:552,0
DA:553,0
DA:554,0
DA:555,0
DA:556,0
DA:557,0
DA:558,0
DA:559,0
DA:561,0
DA:566,0
DA:567,0
DA:568,0
DA:576,0
DA:578,0
DA:579,0
DA:580,0
DA:581,0
DA:582,0
DA:589,0
DA:590,0
DA:597,0
DA:609,0
DA:613,0
DA:614,0
DA:615,0
DA:616,0
DA:621,0
DA:623,0
DA:624,0
DA:625,0
DA:626,0
DA:627,0
DA:635,0
DA:636,0
DA:639,0
DA:640,0
DA:641,0
DA:648,0
DA:649,0
DA:650,0
DA:651,0
DA:652,0
DA:653,0
DA:658,0
DA:659,0
DA:664,0
DA:665,0
DA:666,0
DA:667,0
DA:670,0
DA:671,0
DA:682,0
DA:683,0
DA:688,0
DA:689,0
DA:691,0
DA:696,0
DA:698,0
DA:699,0
DA:700,0
DA:701,0
DA:704,0
DA:707,0
DA:709,0
DA:712,0
DA:713,0
DA:718,0
DA:719,0
DA:720,0
DA:721,0
DA:722,0
DA:729,0
DA:730,0
DA:734,0
DA:735,0
DA:739,0
DA:740,0
DA:743,0
DA:744,0
DA:750,0
DA:751,0
DA:752,0
DA:753,0
DA:755,0
DA:756,0
DA:757,0
DA:768,0
DA:774,0
DA:775,0
DA:776,0
DA:777,0
DA:778,0
DA:779,0
DA:780,0
DA:785,0
DA:786,0
DA:787,0
DA:792,0
DA:793,0
DA:794,0
DA:796,0
DA:797,0
DA:799,0
DA:800,0
DA:803,0
DA:806,0
DA:807,0
DA:808,0
DA:810,0
DA:815,0
DA:816,0
DA:821,0
DA:822,0
DA:826,0
DA:828,0
DA:832,0
DA:835,0
DA:836,0
DA:837,0
DA:840,0
DA:841,0
DA:844,0
DA:845,0
DA:848,0
DA:849,0
DA:850,0
DA:851,0
DA:852,0
DA:853,0
DA:854,0
DA:855,0
DA:856,0
DA:858,0
DA:860,0
DA:861,0
DA:862,0
DA:863,0
DA:867,0
DA:868,0
DA:869,0
DA:870,0
DA:872,0
DA:875,0
DA:876,0
DA:877,0
DA:878,0
DA:879,0
DA:880,0
DA:881,0
DA:882,0
DA:883,0
DA:884,0
DA:887,0
DA:888,0
DA:889,0
DA:890,0
DA:891,0
DA:892,0
DA:893,0
DA:894,0
DA:895,0
DA:897,0
DA:898,0
DA:899,0
DA:901,0
DA:904,0
DA:905,0
DA:906,0
DA:907,0
DA:908,0
DA:909,0
DA:910,0
DA:911,0
DA:912,0
DA:916,0
DA:917,0
DA:920,0
DA:921,0
DA:922,0
DA:923,0
DA:926,0
DA:927,0
DA:928,0
DA:929,0
DA:933,0
DA:935,0
DA:938,0
DA:939,0
DA:940,0
DA:941,0
DA:946,0
DA:947,0
DA:954,0
DA:955,0
DA:956,0
DA:958,0
DA:960,0
DA:965,0
DA:966,0
DA:968,0
DA:969,0
DA:970,0
DA:971,0
DA:974,0
DA:975,0
DA:976,0
DA:977,0
DA:980,0
DA:981,0
DA:991,0
DA:992,0
DA:994,0
DA:995,0
DA:996,0
DA:998,0
DA:999,0
DA:1000,0
DA:1002,0
DA:1003,0
DA:1004,0
DA:1005,0
DA:1007,0
DA:1008,0
DA:1009,0
DA:1013,0
DA:1014,0
DA:1015,0
DA:1018,0
DA:1019,0
DA:1022,0
DA:1023,0
DA:1025,0
DA:1029,0
DA:1030,0
DA:1031,0
DA:1033,0
DA:1034,0
DA:1037,0
DA:1038,0
DA:1041,0
DA:1042,0
DA:1043,0
DA:1044,0
DA:1046,0
DA:1047,0
DA:1048,0
DA:1049,0
DA:1050,0
DA:1053,0
DA:1054,0
DA:1055,0
DA:1056,0
DA:1057,0
DA:1059,0
DA:1060,0
DA:1062,0
DA:1065,0
DA:1066,0
DA:1067,0
DA:1069,0
DA:1070,0
DA:1073,0
DA:1077,0
DA:1078,0
DA:1081,0
DA:1085,0
DA:1086,0
DA:1088,0
DA:1089,0
LF:454
LH:0
BRDA:10,0,0,0
BRDA:10,0,1,0
BRDA:17,1,0,0
BRDA:17,1,1,0
BRDA:17,2,0,0
BRDA:17,2,1,0
BRDA:34,3,0,0
BRDA:34,3,1,0
BRDA:36,4,0,0
BRDA:36,4,1,0
BRDA:36,5,0,0
BRDA:36,5,1,0
BRDA:43,6,0,0
BRDA:43,6,1,0
BRDA:43,7,0,0
BRDA:43,7,1,0
BRDA:50,8,0,0
BRDA:50,8,1,0
BRDA:56,9,0,0
BRDA:56,9,1,0
BRDA:159,10,0,0
BRDA:159,10,1,0
BRDA:161,11,0,0
BRDA:161,11,1,0
BRDA:164,12,0,0
BRDA:164,12,1,0
BRDA:174,13,0,0
BRDA:174,13,1,0
BRDA:188,14,0,0
BRDA:188,14,1,0
BRDA:188,14,2,0
BRDA:188,14,3,0
BRDA:190,15,0,0
BRDA:190,15,1,0
BRDA:191,16,0,0
BRDA:191,16,1,0
BRDA:235,17,0,0
BRDA:249,18,0,0
BRDA:249,18,1,0
BRDA:276,19,0,0
BRDA:276,19,1,0
BRDA:276,20,0,0
BRDA:276,20,1,0
BRDA:291,21,0,0
BRDA:291,21,1,0
BRDA:291,22,0,0
BRDA:291,22,1,0
BRDA:298,23,0,0
BRDA:298,23,1,0
BRDA:298,24,0,0
BRDA:298,24,1,0
BRDA:298,24,2,0
BRDA:313,25,0,0
BRDA:313,25,1,0
BRDA:314,26,0,0
BRDA:314,26,1,0
BRDA:325,27,0,0
BRDA:325,27,1,0
BRDA:337,28,0,0
BRDA:337,28,1,0
BRDA:348,29,0,0
BRDA:348,29,1,0
BRDA:363,30,0,0
BRDA:363,30,1,0
BRDA:400,31,0,0
BRDA:400,31,1,0
BRDA:400,32,0,0
BRDA:400,32,1,0
BRDA:409,33,0,0
BRDA:409,33,1,0
BRDA:417,34,0,0
BRDA:417,34,1,0
BRDA:417,35,0,0
BRDA:417,35,1,0
BRDA:424,36,0,0
BRDA:424,36,1,0
BRDA:432,37,0,0
BRDA:432,37,1,0
BRDA:443,38,0,0
BRDA:443,38,1,0
BRDA:463,39,0,0
BRDA:463,39,1,0
BRDA:472,40,0,0
BRDA:472,40,1,0
BRDA:552,41,0,0
BRDA:552,41,1,0
BRDA:555,42,0,0
BRDA:555,42,1,0
BRDA:557,43,0,0
BRDA:557,43,1,0
BRDA:567,44,0,0
BRDA:567,44,1,0
BRDA:578,45,0,0
BRDA:578,45,1,0
BRDA:581,46,0,0
BRDA:581,46,1,0
BRDA:623,47,0,0
BRDA:623,47,1,0
BRDA:623,48,0,0
BRDA:623,48,1,0
BRDA:623,48,2,0
BRDA:625,49,0,0
BRDA:625,49,1,0
BRDA:640,50,0,0
BRDA:640,50,1,0
BRDA:658,51,0,0
BRDA:658,51,1,0
BRDA:663,52,0,0
BRDA:665,53,0,0
BRDA:665,53,1,0
BRDA:688,54,0,0
BRDA:688,54,1,0
BRDA:719,55,0,0
BRDA:719,55,1,0
BRDA:756,56,0,0
BRDA:756,56,1,0
BRDA:776,57,0,0
BRDA:776,57,1,0
BRDA:776,58,0,0
BRDA:776,58,1,0
BRDA:785,59,0,0
BRDA:785,59,1,0
BRDA:794,60,0,0
BRDA:794,60,1,0
BRDA:797,61,0,0
BRDA:797,61,1,0
BRDA:797,62,0,0
BRDA:797,62,1,0
BRDA:800,63,0,0
BRDA:800,63,1,0
BRDA:803,64,0,0
BRDA:803,64,1,0
BRDA:816,65,0,0
BRDA:816,65,1,0
BRDA:816,66,0,0
BRDA:816,66,1,0
BRDA:821,67,0,0
BRDA:821,67,1,0
BRDA:821,68,0,0
BRDA:821,68,1,0
BRDA:828,69,0,0
BRDA:828,69,1,0
BRDA:832,70,0,0
BRDA:832,70,1,0
BRDA:835,71,0,0
BRDA:835,71,1,0
BRDA:836,72,0,0
BRDA:836,72,1,0
BRDA:837,73,0,0
BRDA:837,73,1,0
BRDA:841,74,0,0
BRDA:841,74,1,0
BRDA:841,75,0,0
BRDA:841,75,1,0
BRDA:844,76,0,0
BRDA:845,77,0,0
BRDA:845,77,1,0
BRDA:845,78,0,0
BRDA:845,78,1,0
BRDA:849,79,0,0
BRDA:849,79,1,0
BRDA:851,80,0,0
BRDA:851,80,1,0
BRDA:860,81,0,0
BRDA:862,82,0,0
BRDA:862,82,1,0
BRDA:863,83,0,0
BRDA:863,83,1,0
BRDA:863,84,0,0
BRDA:863,84,1,0
BRDA:868,85,0,0
BRDA:868,85,1,0
BRDA:868,85,2,0
BRDA:868,85,3,0
BRDA:870,86,0,0
BRDA:870,86,1,0
BRDA:870,86,2,0
BRDA:870,86,3,0
BRDA:872,87,0,0
BRDA:872,87,1,0
BRDA:876,88,0,0
BRDA:876,88,1,0
BRDA:889,89,0,0
BRDA:889,89,1,0
BRDA:891,90,0,0
BRDA:891,90,1,0
BRDA:892,91,0,0
BRDA:892,91,1,0
BRDA:892,91,2,0
BRDA:893,92,0,0
BRDA:893,92,1,0
BRDA:897,93,0,0
BRDA:897,93,1,0
BRDA:898,94,0,0
BRDA:898,94,1,0
BRDA:904,95,0,0
BRDA:906,96,0,0
BRDA:906,96,1,0
BRDA:927,97,0,0
BRDA:927,97,1,0
BRDA:929,98,0,0
BRDA:929,98,1,0
BRDA:933,99,0,0
BRDA:933,99,1,0
BRDA:933,99,2,0
BRDA:956,100,0,0
BRDA:956,100,1,0
BRDA:969,101,0,0
BRDA:969,101,1,0
BRDA:975,102,0,0
BRDA:975,102,1,0
BRDA:983,103,0,0
BRDA:983,103,1,0
BRDA:984,104,0,0
BRDA:984,104,1,0
BRDA:985,105,0,0
BRDA:985,105,1,0
BRDA:986,106,0,0
BRDA:986,106,1,0
BRDA:999,107,0,0
BRDA:999,107,1,0
BRDA:1000,108,0,0
BRDA:1000,108,1,0
BRDA:1002,109,0,0
BRDA:1002,109,1,0
BRDA:1003,110,0,0
BRDA:1003,110,1,0
BRDA:1003,110,2,0
BRDA:1007,111,0,0
BRDA:1007,111,1,0
BRDA:1007,112,0,0
BRDA:1007,112,1,0
BRDA:1008,113,0,0
BRDA:1008,113,1,0
BRDA:1019,114,0,0
BRDA:1019,114,1,0
BRDA:1033,115,0,0
BRDA:1033,115,1,0
BRDA:1034,116,0,0
BRDA:1034,116,1,0
BRDA:1034,117,0,0
BRDA:1034,117,1,0
BRDA:1038,118,0,0
BRDA:1038,118,1,0
BRDA:1042,119,0,0
BRDA:1042,119,1,0
BRDA:1044,120,0,0
BRDA:1044,120,1,0
BRDA:1046,121,0,0
BRDA:1046,121,1,0
BRDA:1046,122,0,0
BRDA:1046,122,1,0
BRDA:1054,123,0,0
BRDA:1054,123,1,0
BRDA:1056,124,0,0
BRDA:1056,124,1,0
BRDA:1059,125,0,0
BRDA:1059,125,1,0
BRDA:1065,126,0,0
BRDA:1065,126,1,0
BRDA:1077,127,0,0
BRDA:1077,127,1,0
BRDA:1085,128,0,0
BRDA:1085,128,1,0
BRF:264
BRH:0
end_of_record
TN:
SF:js\matrix-bg.js
FN:5,(anonymous_0)
FN:9,(anonymous_1)
FN:44,stopRAF
FN:78,getTimeTheme
FN:94,themeVars
FN:102,getCurrentTheme
FN:109,applyTheme
FN:110,(anonymous_7)
FN:117,createDebugHUD
FN:134,updateDebugHUD
FN:137,(anonymous_10)
FN:141,removeDebugHUD
FN:148,disposeAtlas
FN:153,buildAtlas
FN:184,(anonymous_14)
FN:187,drawGlyph
FN:194,applyDatasetOverrides
FN:202,initCanvas
FN:204,(anonymous_18)
FN:227,resizeCanvas
FN:251,initColumns
FN:261,adjustDensity
FN:270,rotateSet
FN:279,checkThemeChange
FN:288,scheduleNextBurst
FN:293,maybeStartBurst
FN:303,renderBurst
FN:323,loop
FN:382,start
FN:399,stop
FN:405,handleVisibilityChange
FN:415,setupIntersectionObserver
FN:418,(anonymous_32)
FN:433,init
FN:441,(anonymous_34)
FN:449,(anonymous_35)
FN:462,(anonymous_36)
FN:465,(anonymous_37)
FN:467,(anonymous_38)
FN:507,(anonymous_39)
FN:508,(anonymous_40)
FN:509,(anonymous_41)
FN:516,(anonymous_42)
FN:520,(anonymous_43)
FN:527,(anonymous_44)
FN:528,(anonymous_45)
FN:532,(anonymous_46)
FN:540,(anonymous_47)
FN:541,(anonymous_48)
FN:542,(anonymous_49)
FN:549,(anonymous_50)
FN:559,(anonymous_51)
FNF:52
FNH:0
FNDA:0,(anonymous_0)
FNDA:0,(anonymous_1)
FNDA:0,stopRAF
FNDA:0,getTimeTheme
FNDA:0,themeVars
FNDA:0,getCurrentTheme
FNDA:0,applyTheme
FNDA:0,(anonymous_7)
FNDA:0,createDebugHUD
FNDA:0,updateDebugHUD
FNDA:0,(anonymous_10)
FNDA:0,removeDebugHUD
FNDA:0,disposeAtlas
FNDA:0,buildAtlas
FNDA:0,(anonymous_14)
FNDA:0,drawGlyph
FNDA:0,applyDatasetOverrides
FNDA:0,initCanvas
FNDA:0,(anonymous_18)
FNDA:0,resizeCanvas
FNDA:0,initColumns
FNDA:0,adjustDensity
FNDA:0,rotateSet
FNDA:0,checkThemeChange
FNDA:0,scheduleNextBurst
FNDA:0,maybeStartBurst
FNDA:0,renderBurst
FNDA:0,loop
FNDA:0,start
FNDA:0,stop
FNDA:0,handleVisibilityChange
FNDA:0,setupIntersectionObserver
FNDA:0,(anonymous_32)
FNDA:0,init
FNDA:0,(anonymous_34)
FNDA:0,(anonymous_35)
FNDA:0,(anonymous_36)
FNDA:0,(anonymous_37)
FNDA:0,(anonymous_38)
FNDA:0,(anonymous_39)
FNDA:0,(anonymous_40)
FNDA:0,(anonymous_41)
FNDA:0,(anonymous_42)
FNDA:0,(anonymous_43)
FNDA:0,(anonymous_44)
FNDA:0,(anonymous_45)
FNDA:0,(anonymous_46)
FNDA:0,(anonymous_47)
FNDA:0,(anonymous_48)
FNDA:0,(anonymous_49)
FNDA:0,(anonymous_50)
FNDA:0,(anonymous_51)
DA:5,0
DA:9,0
DA:11,0
DA:22,0
DA:28,0
DA:29,0
DA:30,0
DA:32,0
DA:33,0
DA:34,0
DA:35,0
DA:36,0
DA:37,0
DA:38,0
DA:41,0
DA:42,0
DA:45,0
DA:46,0
DA:47,0
DA:52,0
DA:53,0
DA:54,0
DA:55,0
DA:56,0
DA:59,0
DA:60,0
DA:61,0
DA:64,0
DA:67,0
DA:70,0
DA:79,0
DA:80,0
DA:81,0
DA:82,0
DA:83,0
DA:84,0
DA:88,0
DA:89,0
DA:92,0
DA:95,0
DA:96,0
DA:103,0
DA:104,0
DA:106,0
DA:110,0
DA:111,0
DA:112,0
DA:113,0
DA:118,0
DA:120,0
DA:121,0
DA:123,0
DA:124,0
DA:125,0
DA:131,0
DA:135,0
DA:136,0
DA:137,0
DA:138,0
DA:142,0
DA:143,0
DA:144,0
DA:149,0
DA:150,0
DA:154,0
DA:155,0
DA:156,0
DA:157,0
DA:159,0
DA:160,0
DA:161,0
DA:163,0
DA:164,0
DA:165,0
DA:166,0
DA:169,0
DA:170,0
DA:174,0
DA:175,0
DA:176,0
DA:178,0
DA:181,0
DA:184,0
DA:188,0
DA:189,0
DA:190,0
DA:191,0
DA:195,0
DA:196,0
DA:197,0
DA:198,0
DA:199,0
DA:203,0
DA:204,0
DA:205,0
DA:207,0
DA:210,0
DA:211,0
DA:213,0
DA:214,0
DA:215,0
DA:216,0
DA:219,0
DA:220,0
DA:222,0
DA:223,0
DA:224,0
DA:228,0
DA:229,0
DA:231,0
DA:232,0
DA:234,0
DA:235,0
DA:237,0
DA:238,0
DA:239,0
DA:242,0
DA:243,0
DA:244,0
DA:247,0
DA:248,0
DA:252,0
DA:253,0
DA:254,0
DA:256,0
DA:257,0
DA:263,0
DA:264,0
DA:265,0
DA:266,0
DA:271,0
DA:272,0
DA:273,0
DA:274,0
DA:275,0
DA:276,0
DA:280,0
DA:281,0
DA:283,0
DA:284,0
DA:285,0
DA:289,0
DA:290,0
DA:294,0
DA:295,0
DA:296,0
DA:297,0
DA:298,0
DA:299,0
DA:300,0
DA:304,0
DA:305,0
DA:307,0
DA:308,0
DA:309,0
DA:310,0
DA:312,0
DA:313,0
DA:314,0
DA:315,0
DA:316,0
DA:317,0
DA:318,0
DA:319,0
DA:324,0
DA:327,0
DA:328,0
DA:329,0
DA:333,0
DA:334,0
DA:335,0
DA:336,0
DA:337,0
DA:338,0
DA:341,0
DA:342,0
DA:344,0
DA:345,0
DA:346,0
DA:349,0
DA:350,0
DA:351,0
DA:354,0
DA:356,0
DA:357,0
DA:359,0
DA:361,0
DA:363,0
DA:364,0
DA:366,0
DA:369,0
DA:370,0
DA:372,0
DA:376,0
DA:377,0
DA:379,0
DA:383,0
DA:386,0
DA:387,0
DA:390,0
DA:392,0
DA:393,0
DA:394,0
DA:395,0
DA:396,0
DA:400,0
DA:401,0
DA:406,0
DA:407,0
DA:408,0
DA:410,0
DA:416,0
DA:418,0
DA:419,0
DA:420,0
DA:422,0
DA:423,0
DA:425,0
DA:429,0
DA:434,0
DA:435,0
DA:436,0
DA:440,0
DA:441,0
DA:442,0
DA:443,0
DA:448,0
DA:449,0
DA:450,0
DA:451,0
DA:452,0
DA:453,0
DA:458,0
DA:459,0
DA:462,0
DA:463,0
DA:464,0
DA:465,0
DA:467,0
DA:468,0
DA:470,0
DA:473,0
DA:474,0
DA:475,0
DA:476,0
DA:479,0
DA:480,0
DA:481,0
DA:485,0
DA:486,0
DA:487,0
DA:488,0
DA:489,0
DA:490,0
DA:491,0
DA:492,0
DA:493,0
DA:497,0
DA:502,0
DA:505,0
DA:506,0
DA:507,0
DA:508,0
DA:509,0
DA:510,0
DA:511,0
DA:512,0
DA:513,0
DA:514,0
DA:516,0
DA:517,0
DA:518,0
DA:520,0
DA:521,0
DA:522,0
DA:523,0
DA:524,0
DA:525,0
DA:527,0
DA:528,0
DA:529,0
DA:530,0
DA:532,0
DA:533,0
DA:534,0
DA:535,0
DA:537,0
DA:540,0
DA:541,0
DA:542,0
DA:543,0
DA:544,0
DA:545,0
DA:546,0
DA:547,0
DA:549,0
DA:550,0
DA:551,0
DA:552,0
DA:553,0
DA:556,0
DA:559,0
DA:560,0
LF:303
LH:0
BRDA:9,0,0,0
BRDA:9,0,1,0
BRDA:45,1,0,0
BRDA:45,1,1,0
BRDA:80,2,0,0
BRDA:80,2,1,0
BRDA:80,3,0,0
BRDA:80,3,1,0
BRDA:81,4,0,0
BRDA:81,4,1,0
BRDA:81,5,0,0
BRDA:81,5,1,0
BRDA:82,6,0,0
BRDA:82,6,1,0
BRDA:82,7,0,0
BRDA:82,7,1,0
BRDA:83,8,0,0
BRDA:83,8,1,0
BRDA:83,9,0,0
BRDA:83,9,1,0
BRDA:97,10,0,0
BRDA:97,10,1,0
BRDA:98,11,0,0
BRDA:98,11,1,0
BRDA:103,12,0,0
BRDA:103,12,1,0
BRDA:103,13,0,0
BRDA:103,13,1,0
BRDA:103,13,2,0
BRDA:109,14,0,0
BRDA:110,15,0,0
BRDA:110,15,1,0
BRDA:110,16,0,0
BRDA:110,16,1,0
BRDA:111,17,0,0
BRDA:111,17,1,0
BRDA:118,18,0,0
BRDA:118,18,1,0
BRDA:121,19,0,0
BRDA:121,19,1,0
BRDA:135,20,0,0
BRDA:135,20,1,0
BRDA:135,21,0,0
BRDA:135,21,1,0
BRDA:137,22,0,0
BRDA:137,22,1,0
BRDA:142,23,0,0
BRDA:142,23,1,0
BRDA:149,24,0,0
BRDA:149,24,1,0
BRDA:149,25,0,0
BRDA:149,25,1,0
BRDA:155,26,0,0
BRDA:155,26,1,0
BRDA:174,27,0,0
BRDA:174,27,1,0
BRDA:188,28,0,0
BRDA:188,28,1,0
BRDA:196,29,0,0
BRDA:196,29,1,0
BRDA:197,30,0,0
BRDA:197,30,1,0
BRDA:198,31,0,0
BRDA:198,31,1,0
BRDA:199,32,0,0
BRDA:199,32,1,0
BRDA:205,33,0,0
BRDA:205,33,1,0
BRDA:210,34,0,0
BRDA:210,34,1,0
BRDA:210,35,0,0
BRDA:210,35,1,0
BRDA:213,36,0,0
BRDA:213,36,1,0
BRDA:213,37,0,0
BRDA:213,37,1,0
BRDA:220,38,0,0
BRDA:220,38,1,0
BRDA:229,39,0,0
BRDA:229,39,1,0
BRDA:263,40,0,0
BRDA:263,40,1,0
BRDA:265,41,0,0
BRDA:265,41,1,0
BRDA:265,42,0,0
BRDA:265,42,1,0
BRDA:271,43,0,0
BRDA:271,43,1,0
BRDA:272,44,0,0
BRDA:272,44,1,0
BRDA:280,45,0,0
BRDA:280,45,1,0
BRDA:281,46,0,0
BRDA:281,46,1,0
BRDA:283,47,0,0
BRDA:283,47,1,0
BRDA:294,48,0,0
BRDA:294,48,1,0
BRDA:294,49,0,0
BRDA:294,49,1,0
BRDA:294,49,2,0
BRDA:304,50,0,0
BRDA:304,50,1,0
BRDA:317,51,0,0
BRDA:317,51,1,0
BRDA:324,52,0,0
BRDA:324,52,1,0
BRDA:324,53,0,0
BRDA:324,53,1,0
BRDA:327,54,0,0
BRDA:327,54,1,0
BRDA:334,55,0,0
BRDA:334,55,1,0
BRDA:361,56,0,0
BRDA:361,56,1,0
BRDA:369,57,0,0
BRDA:369,57,1,0
BRDA:369,58,0,0
BRDA:369,58,1,0
BRDA:383,59,0,0
BRDA:383,59,1,0
BRDA:386,60,0,0
BRDA:386,60,1,0
BRDA:386,61,0,0
BRDA:386,61,1,0
BRDA:390,62,0,0
BRDA:390,62,1,0
BRDA:407,63,0,0
BRDA:407,63,1,0
BRDA:416,64,0,0
BRDA:416,64,1,0
BRDA:416,65,0,0
BRDA:416,65,1,0
BRDA:420,66,0,0
BRDA:420,66,1,0
BRDA:422,67,0,0
BRDA:422,67,1,0
BRDA:434,68,0,0
BRDA:434,68,1,0
BRDA:442,69,0,0
BRDA:442,69,1,0
BRDA:450,70,0,0
BRDA:450,70,1,0
BRDA:452,71,0,0
BRDA:452,71,1,0
BRDA:463,72,0,0
BRDA:463,72,1,0
BRDA:474,73,0,0
BRDA:474,73,1,0
BRDA:475,74,0,0
BRDA:475,74,1,0
BRDA:475,75,0,0
BRDA:475,75,1,0
BRDA:476,76,0,0
BRDA:476,76,1,0
BRDA:476,77,0,0
BRDA:476,77,1,0
BRDA:479,78,0,0
BRDA:479,78,1,0
BRDA:485,79,0,0
BRDA:485,79,1,0
BRDA:487,80,0,0
BRDA:487,80,1,0
BRDA:490,81,0,0
BRDA:490,81,1,0
BRDA:505,82,0,0
BRDA:505,82,1,0
BRDA:508,83,0,0
BRDA:508,83,1,0
BRDA:509,84,0,0
BRDA:516,85,0,0
BRDA:528,86,0,0
BRDA:534,87,0,0
BRDA:534,87,1,0
BRDA:543,88,0,0
BRDA:543,88,1,0
BRDA:549,89,0,0
BRDA:551,90,0,0
BRDA:551,90,1,0
BRDA:560,91,0,0
BRDA:560,91,1,0
BRDA:560,92,0,0
BRDA:560,92,1,0
BRDA:560,92,2,0
BRF:184
BRH:0
end_of_record
TN:
SF:js\tilt-tech.js
FN:1,(anonymous_0)
FN:11,(anonymous_1)
FN:18,setVars
FN:31,animate
FN:43,(anonymous_4)
FN:44,(anonymous_5)
FN:52,(anonymous_6)
FN:54,(anonymous_7)
FN:56,(anonymous_8)
FN:61,(anonymous_9)
FN:65,(anonymous_10)
FN:68,(anonymous_11)
FNF:12
FNH:0
FNDA:0,(anonymous_0)
FNDA:0,(anonymous_1)
FNDA:0,setVars
FNDA:0,animate
FNDA:0,(anonymous_4)
FNDA:0,(anonymous_5)
FNDA:0,(anonymous_6)
FNDA:0,(anonymous_7)
FNDA:0,(anonymous_8)
FNDA:0,(anonymous_9)
FNDA:0,(anonymous_10)
FNDA:0,(anonymous_11)
DA:1,0
DA:3,0
DA:4,0
DA:5,0
DA:8,0
DA:11,0
DA:13,0
DA:15,0
DA:16,0
DA:19,0
DA:20,0
DA:21,0
DA:22,0
DA:23,0
DA:24,0
DA:25,0
DA:26,0
DA:29,0
DA:32,0
DA:33,0
DA:34,0
DA:35,0
DA:36,0
DA:37,0
DA:38,0
DA:39,0
DA:40,0
DA:43,0
DA:44,0
DA:45,0
DA:46,0
DA:47,0
DA:48,0
DA:49,0
DA:52,0
DA:53,0
DA:54,0
DA:55,0
DA:56,0
DA:61,0
DA:62,0
DA:63,0
DA:65,0
DA:66,0
DA:67,0
DA:68,0
LF:46
LH:0
BRDA:5,0,0,0
BRDA:5,0,1,0
BRDA:5,1,0,0
BRDA:5,1,1,0
BRDA:13,2,0,0
BRDA:13,2,1,0
BRDA:32,3,0,0
BRDA:32,3,1,0
BRDA:46,4,0,0
BRDA:46,4,1,0
BRDA:49,5,0,0
BRDA:49,5,1,0
BRDA:53,6,0,0
BRDA:53,6,1,0
BRDA:62,7,0,0
BRDA:62,7,1,0
BRDA:66,8,0,0
BRDA:66,8,1,0
BRF:18
BRH:0
end_of_record
TN:
SF:scripts\add-utm-to-codepen.mjs
FN:7,addUtm
FN:26,(anonymous_1)
FNF:2
FNH:0
FNDA:0,addUtm
FNDA:0,(anonymous_1)
DA:4,0
DA:5,0
DA:8,0
DA:9,0
DA:10,0
DA:12,0
DA:13,0
DA:14,0
DA:17,0
DA:19,0
DA:20,0
DA:21,0
DA:22,0
DA:25,0
DA:26,0
DA:27,0
DA:29,0
DA:30,0
DA:31,0
DA:32,0
DA:33,0
DA:34,0
DA:35,0
DA:36,0
DA:40,0
DA:41,0
DA:42,0
DA:46,0
LF:28
LH:0
BRDA:10,0,0,0
BRDA:10,0,1,0
BRDA:26,1,0,0
BRDA:26,1,1,0
BRDA:27,2,0,0
BRDA:27,2,1,0
BRDA:31,3,0,0
BRDA:31,3,1,0
BRDA:33,4,0,0
BRDA:33,4,1,0
BRDA:40,5,0,0
BRDA:40,5,1,0
BRDA:46,6,0,0
BRDA:46,6,1,0
BRF:14
BRH:0
end_of_record
TN:
SF:scripts\build-icons.mjs
FN:39,(anonymous_0)
FNF:1
FNH:0
FNDA:0,(anonymous_0)
DA:10,0
DA:11,0
DA:12,0
DA:15,0
DA:16,0
DA:20,0
DA:37,0
DA:38,0
DA:39,0
DA:40,0
DA:41,0
DA:43,0
DA:44,0
DA:45,0
DA:47,0
DA:49,0
DA:56,0
DA:62,0
DA:63,0
LF:19
LH:0
BRDA:15,0,0,0
BRDA:15,0,1,0
BRDA:41,1,0,0
BRDA:41,1,1,0
BRDA:43,2,0,0
BRDA:43,2,1,0
BRF:6
BRH:0
end_of_record
TN:
SF:scripts\fix-matrix-links.mjs
FN:19,(anonymous_0)
FN:19,(anonymous_1)
FN:29,(anonymous_2)
FNF:3
FNH:0
FNDA:0,(anonymous_0)
FNDA:0,(anonymous_1)
FNDA:0,(anonymous_2)
DA:3,0
DA:4,0
DA:6,0
DA:8,0
DA:9,0
DA:10,0
DA:11,0
DA:12,0
DA:15,0
DA:16,0
DA:17,0
DA:18,0
DA:19,0
DA:20,0
DA:22,0
DA:24,0
DA:25,0
DA:26,0
DA:29,0
DA:30,0
DA:31,0
DA:32,0
DA:34,0
DA:37,0
DA:38,0
DA:39,0
DA:40,0
DA:41,0
DA:45,0
DA:46,0
LF:30
LH:0
BRDA:3,0,0,0
BRDA:3,0,1,0
BRDA:4,1,0,0
BRDA:4,1,1,0
BRDA:12,2,0,0
BRDA:12,2,1,0
BRDA:16,3,0,0
BRDA:16,3,1,0
BRDA:20,4,0,0
BRDA:20,4,1,0
BRDA:20,5,0,0
BRDA:20,5,1,0
BRDA:22,6,0,0
BRDA:22,6,1,0
BRDA:22,7,0,0
BRDA:22,7,1,0
BRDA:30,8,0,0
BRDA:30,8,1,0
BRDA:31,9,0,0
BRDA:31,9,1,0
BRDA:32,10,0,0
BRDA:32,10,1,0
BRDA:37,11,0,0
BRDA:37,11,1,0
BRDA:45,12,0,0
BRDA:45,12,1,0
BRF:26
BRH:0
end_of_record
TN:
SF:scripts\generate-ok.mjs
FNF:0
FNH:0
DA:6,0
DA:7,0
DA:9,0
DA:15,0
DA:16,0
DA:17,0
LF:6
LH:0
BRF:0
BRH:0
end_of_record
TN:
SF:scripts\kill-sw.mjs
FN:3,(anonymous_0)
FN:3,(anonymous_1)
FNF:2
FNH:0
FNDA:0,(anonymous_0)
FNDA:0,(anonymous_1)
DA:2,0
DA:3,0
LF:2
LH:0
BRDA:2,0,0,0
BRDA:2,0,1,0
BRF:2
BRH:0
end_of_record
TN:
SF:scripts\open-browser.mjs
FN:27,(anonymous_0)
FNF:1
FNH:0
FNDA:0,(anonymous_0)
DA:8,0
DA:9,0
DA:12,0
DA:13,0
DA:14,0
DA:15,0
DA:16,0
DA:19,0
DA:23,0
DA:27,0
DA:28,0
LF:11
LH:0
BRDA:8,0,0,0
BRDA:8,0,1,0
BRDA:14,1,0,0
BRDA:14,1,1,0
BRDA:23,2,0,0
BRDA:23,2,1,0
BRDA:24,3,0,0
BRDA:24,3,1,0
BRDA:28,4,0,0
BRDA:28,4,1,0
BRF:10
BRH:0
end_of_record
TN:
SF:scripts\prove-local.mjs
FN:6,must
FN:131,(anonymous_1)
FN:185,(anonymous_2)
FNF:3
FNH:0
FNDA:0,must
FNDA:0,(anonymous_1)
FNDA:0,(anonymous_2)
DA:4,0
DA:7,0
DA:8,0
DA:9,0
DA:13,0
DA:14,0
DA:15,0
DA:16,0
DA:19,0
DA:20,0
DA:21,0
DA:22,0
DA:23,0
DA:26,0
DA:27,0
DA:28,0
DA:31,0
DA:32,0
DA:33,0
DA:34,0
DA:35,0
DA:36,0
DA:37,0
DA:38,0
DA:41,0
DA:45,0
DA:47,0
DA:48,0
DA:50,0
DA:53,0
DA:54,0
DA:55,0
DA:56,0
DA:57,0
DA:58,0
DA:59,0
DA:60,0
DA:63,0
DA:64,0
DA:67,0
DA:71,0
DA:72,0
DA:75,0
DA:76,0
DA:77,0
DA:80,0
DA:81,0
DA:84,0
DA:85,0
DA:88,0
DA:91,0
DA:94,0
DA:95,0
DA:100,0
DA:103,0
DA:107,0
DA:110,0
DA:114,0
DA:118,0
DA:121,0
DA:125,0
DA:126,0
DA:131,0
DA:132,0
DA:135,0
DA:138,0
DA:142,0
DA:146,0
DA:150,0
DA:151,0
DA:152,0
DA:157,0
DA:161,0
DA:164,0
DA:167,0
DA:171,0
DA:175,0
DA:176,0
DA:179,0
DA:180,0
DA:184,0
DA:185,0
DA:186,0
DA:187,0
DA:188,0
DA:189,0
DA:195,0
DA:199,0
DA:203,0
DA:206,0
DA:210,0
DA:211,0
DA:215,0
DA:219,0
DA:223,0
DA:226,0
DA:229,0
DA:230,0
DA:232,0
DA:233,0
LF:100
LH:0
BRDA:4,0,0,0
BRDA:4,0,1,0
BRDA:7,1,0,0
BRDA:7,1,1,0
BRDA:21,2,0,0
BRDA:21,2,1,0
BRDA:22,3,0,0
BRDA:22,3,1,0
BRDA:32,4,0,0
BRDA:32,4,1,0
BRDA:41,5,0,0
BRDA:41,5,1,0
BRDA:45,6,0,0
BRDA:45,6,1,0
BRDA:45,6,2,0
BRDA:48,7,0,0
BRDA:48,7,1,0
BRDA:71,8,0,0
BRDA:71,8,1,0
BRDA:77,9,0,0
BRDA:77,9,1,0
BRDA:77,9,2,0
BRDA:176,10,0,0
BRDA:176,10,1,0
BRDA:180,11,0,0
BRDA:180,11,1,0
BRDA:184,12,0,0
BRDA:184,12,1,0
BRDA:211,13,0,0
BRDA:211,13,1,0
BRDA:212,14,0,0
BRDA:212,14,1,0
BRDA:232,15,0,0
BRDA:232,15,1,0
BRF:34
BRH:0
end_of_record
TN:
SF:scripts\update-featured-pen-link.mjs
FN:13,(anonymous_0)
FN:14,(anonymous_1)
FN:16,findEnclosingBlock
FN:48,(anonymous_3)
FNF:4
FNH:0
FNDA:0,(anonymous_0)
FNDA:0,(anonymous_1)
FNDA:0,findEnclosingBlock
FNDA:0,(anonymous_3)
DA:4,0
DA:7,0
DA:13,0
DA:14,0
DA:18,0
DA:19,0
DA:22,0
DA:23,0
DA:26,0
DA:27,0
DA:29,0
DA:32,0
DA:34,0
DA:35,0
DA:36,0
DA:37,0
DA:39,0
DA:41,0
DA:42,0
DA:43,0
DA:46,0
DA:49,0
DA:50,0
DA:51,0
DA:53,0
DA:57,0
DA:59,0
DA:60,0
DA:61,0
DA:62,0
DA:66,0
DA:67,0
DA:68,0
DA:70,0
LF:34
LH:0
BRDA:19,0,0,0
BRDA:19,0,1,0
BRDA:23,1,0,0
BRDA:23,1,1,0
BRDA:27,2,0,0
BRDA:27,2,1,0
BRDA:37,3,0,0
BRDA:37,3,1,0
BRDA:50,4,0,0
BRDA:50,4,1,0
BRDA:51,5,0,0
BRDA:51,5,1,0
BRDA:51,6,0,0
BRDA:51,6,1,0
BRDA:59,7,0,0
BRDA:59,7,1,0
BRDA:66,8,0,0
BRDA:66,8,1,0
BRF:18
BRH:0
end_of_record
